<?xml version="1.0" encoding="UTF-8"?>
<!-- Generated by org.testng.reporters.JUnitReportReporter -->
<testsuite hostname="Vaibhav" failures="0" tests="1" name="com.sauceDemo.TestPackage.TC01_VerifyLoginFunactionality" time="9.138" errors="0" timestamp="2023-01-02T00:08:08 EST" skipped="0">
  <testcase classname="com.sauceDemo.TestPackage.TC01_VerifyLoginFunactionality" name="validationsloginTest" time="9.138"/>
  <system-out/>
</testsuite> <!-- com.sauceDemo.TestPackage.TC01_VerifyLoginFunactionality -->
